0 info it worked if it ends with ok
1 verbose cli [ 'F:\\学习软件\\node.exe',
1 verbose cli   'F:\\学习软件\\node_modules\\npm\\bin\\npm-cli.js',
1 verbose cli   'run',
1 verbose cli   'test' ]
2 info using npm@3.10.10
3 info using node@v6.10.3
4 verbose run-script [ 'pretest', 'test', 'posttest' ]
5 info lifecycle hong-005-http@1.0.3~pretest: hong-005-http@1.0.3
6 silly lifecycle hong-005-http@1.0.3~pretest: no script for pretest, continuing
7 info lifecycle hong-005-http@1.0.3~test: hong-005-http@1.0.3
8 verbose lifecycle hong-005-http@1.0.3~test: unsafe-perm in lifecycle true
9 verbose lifecycle hong-005-http@1.0.3~test: PATH: F:\学习软件\node_modules\npm\bin\node-gyp-bin;E:\桌面\node\005-http\node_modules\.bin;C:\Program Files (x86)\Intel\iCLS Client\;C:\Program Files\Intel\iCLS Client\;C:\Windows\system32;C:\Windows;C:\Windows\System32\Wbem;C:\Windows\System32\WindowsPowerShell\v1.0\;C:\Program Files (x86)\Intel\Intel(R) Management Engine Components\DAL;C:\Program Files\Intel\Intel(R) Management Engine Components\DAL;C:\Program Files (x86)\Intel\Intel(R) Management Engine Components\IPT;C:\Program Files\Intel\Intel(R) Management Engine Components\IPT;C:\Program Files (x86)\NVIDIA Corporation\PhysX\Common;C:\Program Files\Intel\WiFi\bin\;C:\Program Files\Common Files\Intel\WirelessCommon\;F:\学习软件\Git\cmd;F:\学习软件\;%SystemRoot%\system32;%SystemRoot%;%SystemRoot%\System32\Wbem;%SYSTEMROOT%\System32\WindowsPowerShell\v1.0\;C:\Users\孙继红\AppData\Local\Microsoft\WindowsApps;C:\Users\孙继红\AppData\Roaming\npm;E:\qq\Bin;
10 verbose lifecycle hong-005-http@1.0.3~test: CWD: E:\桌面\node\005-http
11 silly lifecycle hong-005-http@1.0.3~test: Args: [ '/d /s /c', 'echo "Error: no test specified" && exit 1' ]
12 silly lifecycle hong-005-http@1.0.3~test: Returned: code: 1  signal: null
13 info lifecycle hong-005-http@1.0.3~test: Failed to exec test script
14 verbose stack Error: hong-005-http@1.0.3 test: `echo "Error: no test specified" && exit 1`
14 verbose stack Exit status 1
14 verbose stack     at EventEmitter.<anonymous> (F:\学习软件\node_modules\npm\lib\utils\lifecycle.js:255:16)
14 verbose stack     at emitTwo (events.js:106:13)
14 verbose stack     at EventEmitter.emit (events.js:191:7)
14 verbose stack     at ChildProcess.<anonymous> (F:\学习软件\node_modules\npm\lib\utils\spawn.js:40:14)
14 verbose stack     at emitTwo (events.js:106:13)
14 verbose stack     at ChildProcess.emit (events.js:191:7)
14 verbose stack     at maybeClose (internal/child_process.js:886:16)
14 verbose stack     at Process.ChildProcess._handle.onexit (internal/child_process.js:226:5)
15 verbose pkgid hong-005-http@1.0.3
16 verbose cwd E:\桌面\node\005-http
17 error Windows_NT 10.0.15063
18 error argv "F:\\学习软件\\node.exe" "F:\\学习软件\\node_modules\\npm\\bin\\npm-cli.js" "run" "test"
19 error node v6.10.3
20 error npm  v3.10.10
21 error code ELIFECYCLE
22 error hong-005-http@1.0.3 test: `echo "Error: no test specified" && exit 1`
22 error Exit status 1
23 error Failed at the hong-005-http@1.0.3 test script 'echo "Error: no test specified" && exit 1'.
23 error Make sure you have the latest version of node.js and npm installed.
23 error If you do, this is most likely a problem with the hong-005-http package,
23 error not with npm itself.
23 error Tell the author that this fails on your system:
23 error     echo "Error: no test specified" && exit 1
23 error You can get information on how to open an issue for this project with:
23 error     npm bugs hong-005-http
23 error Or if that isn't available, you can get their info via:
23 error     npm owner ls hong-005-http
23 error There is likely additional logging output above.
24 verbose exit [ 1, true ]
